{
    "results": [
        {
            "change_type": "UNCHANGED",
            "covered_recipient_type": "Covered Recipient Physician",
            "teaching_hospital_ccn": "",
            "teaching_hospital_id": "",
            "teaching_hospital_name": "",
            "covered_recipient_profile_id": "9571038",
            "covered_recipient_npi": "1477916492",
            "covered_recipient_first_name": "BRADEN",
            "covered_recipient_middle_name": "",
            "covered_recipient_last_name": "BOYER",
            "covered_recipient_name_suffix": "",
            "recipient_primary_business_street_address_line1": "3033 N 44TH ST STE 100",
            "recipient_primary_business_street_address_line2": "",
            "recipient_city": "PHOENIX",
            "recipient_state": "AZ",
            "recipient_zip_code": "85018-7227",
            "recipient_country": "United States",
            "recipient_province": "",
            "recipient_postal_code": "",
            "covered_recipient_primary_type_1": "Medical Doctor",
            "covered_recipient_primary_type_2": "",
            "covered_recipient_primary_type_3": "",
            "covered_recipient_primary_type_4": "",
            "covered_recipient_primary_type_5": "",
            "covered_recipient_primary_type_6": "",
            "covered_recipient_specialty_1": "Allopathic & Osteopathic Physicians|Orthopaedic Surgery",
            "covered_recipient_specialty_2": "",
            "covered_recipient_specialty_3": "",
            "covered_recipient_specialty_4": "",
            "covered_recipient_specialty_5": "",
            "covered_recipient_specialty_6": "",
            "covered_recipient_license_state_code1": "MS",
            "covered_recipient_license_state_code2": "",
            "covered_recipient_license_state_code3": "",
            "covered_recipient_license_state_code4": "",
            "covered_recipient_license_state_code5": "",
            "submitting_applicable_manufacturer_or_applicable_gpo_name": "Gentleman Orthopedic Solutions",
            "applicable_manufacturer_or_applicable_gpo_making_payment_id": "100000010564",
            "applicable_manufacturer_or_applicable_gpo_making_payment_name": "Gentleman Orthopedic Solutions",
            "applicable_manufacturer_or_applicable_gpo_making_payment_state": "TN",
            "applicable_manufacturer_or_applicable_gpo_making_payment_country": "United States",
            "total_amount_of_payment_usdollars": "78.84",
            "date_of_payment": "04/28/2022",
            "number_of_payments_included_in_total_amount": "1",
            "form_of_payment_or_transfer_of_value": "In-kind items and services",
            "nature_of_payment_or_transfer_of_value": "Food and Beverage",
            "city_of_travel": "",
            "state_of_travel": "",
            "country_of_travel": "",
            "physician_ownership_indicator": "No",
            "third_party_payment_recipient_indicator": "No Third Party Payment",
            "name_of_third_party_entity_receiving_payment_or_transfer_of_ccfc": "",
            "charity_indicator": "",
            "third_party_equals_covered_recipient_indicator": "",
            "contextual_information": "Transfer of value related to products manufactured by Arthrex, Inc",
            "delay_in_publication_indicator": "No",
            "record_id": "873548979",
            "dispute_status_for_publication": "No",
            "related_product_indicator": "No",
            "covered_or_noncovered_indicator_1": "",
            "indicate_drug_or_biological_or_device_or_medical_supply_1": "",
            "product_category_or_therapeutic_area_1": "",
            "name_of_drug_or_biological_or_device_or_medical_supply_1": "",
            "associated_drug_or_biological_ndc_1": "",
            "associated_device_or_medical_supply_pdi_1": "",
            "covered_or_noncovered_indicator_2": "",
            "indicate_drug_or_biological_or_device_or_medical_supply_2": "",
            "product_category_or_therapeutic_area_2": "",
            "name_of_drug_or_biological_or_device_or_medical_supply_2": "",
            "associated_drug_or_biological_ndc_2": "",
            "associated_device_or_medical_supply_pdi_2": "",
            "covered_or_noncovered_indicator_3": "",
            "indicate_drug_or_biological_or_device_or_medical_supply_3": "",
            "product_category_or_therapeutic_area_3": "",
            "name_of_drug_or_biological_or_device_or_medical_supply_3": "",
            "associated_drug_or_biological_ndc_3": "",
            "associated_device_or_medical_supply_pdi_3": "",
            "covered_or_noncovered_indicator_4": "",
            "indicate_drug_or_biological_or_device_or_medical_supply_4": "",
            "product_category_or_therapeutic_area_4": "",
            "name_of_drug_or_biological_or_device_or_medical_supply_4": "",
            "associated_drug_or_biological_ndc_4": "",
            "associated_device_or_medical_supply_pdi_4": "",
            "covered_or_noncovered_indicator_5": "",
            "indicate_drug_or_biological_or_device_or_medical_supply_5": "",
            "product_category_or_therapeutic_area_5": "",
            "name_of_drug_or_biological_or_device_or_medical_supply_5": "",
            "associated_drug_or_biological_ndc_5": "",
            "associated_device_or_medical_supply_pdi_5": "",
            "program_year": "2022",
            "payment_publication_date": "01/18/2024"
        }
    ],
    "count": 3234634,
    "schema": {
        "66dfcf9a-2a9e-54b7-a0fe-cae3e42f3e8f": {
            "fields": {
                "change_type": {
                    "type": "text",
                    "mysql_type": "text",
                    "description": "Change_Type"
                },
                "covered_recipient_type": {
                    "type": "text",
                    "mysql_type": "text",
                    "description": "Covered_Recipient_Type"
                },
                "teaching_hospital_ccn": {
                    "type": "text",
                    "mysql_type": "text",
                    "description": "Teaching_Hospital_CCN"
                },
                "teaching_hospital_id": {
                    "type": "text",
                    "mysql_type": "text",
                    "description": "Teaching_Hospital_ID"
                },
                "teaching_hospital_name": {
                    "type": "text",
                    "mysql_type": "text",
                    "description": "Teaching_Hospital_Name"
                },
                "covered_recipient_profile_id": {
                    "type": "text",
                    "mysql_type": "text",
                    "description": "Covered_Recipient_Profile_ID"
                },
                "covered_recipient_npi": {
                    "type": "text",
                    "mysql_type": "text",
                    "description": "Covered_Recipient_NPI"
                },
                "covered_recipient_first_name": {
                    "type": "text",
                    "mysql_type": "text",
                    "description": "Covered_Recipient_First_Name"
                },
                "covered_recipient_middle_name": {
                    "type": "text",
                    "mysql_type": "text",
                    "description": "Covered_Recipient_Middle_Name"
                },
                "covered_recipient_last_name": {
                    "type": "text",
                    "mysql_type": "text",
                    "description": "Covered_Recipient_Last_Name"
                },
                "covered_recipient_name_suffix": {
                    "type": "text",
                    "mysql_type": "text",
                    "description": "Covered_Recipient_Name_Suffix"
                },
                "recipient_primary_business_street_address_line1": {
                    "type": "text",
                    "mysql_type": "text",
                    "description": "Recipient_Primary_Business_Street_Address_Line1"
                },
                "recipient_primary_business_street_address_line2": {
                    "type": "text",
                    "mysql_type": "text",
                    "description": "Recipient_Primary_Business_Street_Address_Line2"
                },
                "recipient_city": {
                    "type": "text",
                    "mysql_type": "text",
                    "description": "Recipient_City"
                },
                "recipient_state": {
                    "type": "text",
                    "mysql_type": "text",
                    "description": "Recipient_State"
                },
                "recipient_zip_code": {
                    "type": "text",
                    "mysql_type": "text",
                    "description": "Recipient_Zip_Code"
                },
                "recipient_country": {
                    "type": "text",
                    "mysql_type": "text",
                    "description": "Recipient_Country"
                },
                "recipient_province": {
                    "type": "text",
                    "mysql_type": "text",
                    "description": "Recipient_Province"
                },
                "recipient_postal_code": {
                    "type": "text",
                    "mysql_type": "text",
                    "description": "Recipient_Postal_Code"
                },
                "covered_recipient_primary_type_1": {
                    "type": "text",
                    "mysql_type": "text",
                    "description": "Covered_Recipient_Primary_Type_1"
                },
                "covered_recipient_primary_type_2": {
                    "type": "text",
                    "mysql_type": "text",
                    "description": "Covered_Recipient_Primary_Type_2"
                },
                "covered_recipient_primary_type_3": {
                    "type": "text",
                    "mysql_type": "text",
                    "description": "Covered_Recipient_Primary_Type_3"
                },
                "covered_recipient_primary_type_4": {
                    "type": "text",
                    "mysql_type": "text",
                    "description": "Covered_Recipient_Primary_Type_4"
                },
                "covered_recipient_primary_type_5": {
                    "type": "text",
                    "mysql_type": "text",
                    "description": "Covered_Recipient_Primary_Type_5"
                },
                "covered_recipient_primary_type_6": {
                    "type": "text",
                    "mysql_type": "text",
                    "description": "Covered_Recipient_Primary_Type_6"
                },
                "covered_recipient_specialty_1": {
                    "type": "text",
                    "mysql_type": "text",
                    "description": "Covered_Recipient_Specialty_1"
                },
                "covered_recipient_specialty_2": {
                    "type": "text",
                    "mysql_type": "text",
                    "description": "Covered_Recipient_Specialty_2"
                },
                "covered_recipient_specialty_3": {
                    "type": "text",
                    "mysql_type": "text",
                    "description": "Covered_Recipient_Specialty_3"
                },
                "covered_recipient_specialty_4": {
                    "type": "text",
                    "mysql_type": "text",
                    "description": "Covered_Recipient_Specialty_4"
                },
                "covered_recipient_specialty_5": {
                    "type": "text",
                    "mysql_type": "text",
                    "description": "Covered_Recipient_Specialty_5"
                },
                "covered_recipient_specialty_6": {
                    "type": "text",
                    "mysql_type": "text",
                    "description": "Covered_Recipient_Specialty_6"
                },
                "covered_recipient_license_state_code1": {
                    "type": "text",
                    "mysql_type": "text",
                    "description": "Covered_Recipient_License_State_code1"
                },
                "covered_recipient_license_state_code2": {
                    "type": "text",
                    "mysql_type": "text",
                    "description": "Covered_Recipient_License_State_code2"
                },
                "covered_recipient_license_state_code3": {
                    "type": "text",
                    "mysql_type": "text",
                    "description": "Covered_Recipient_License_State_code3"
                },
                "covered_recipient_license_state_code4": {
                    "type": "text",
                    "mysql_type": "text",
                    "description": "Covered_Recipient_License_State_code4"
                },
                "covered_recipient_license_state_code5": {
                    "type": "text",
                    "mysql_type": "text",
                    "description": "Covered_Recipient_License_State_code5"
                },
                "submitting_applicable_manufacturer_or_applicable_gpo_name": {
                    "type": "text",
                    "mysql_type": "text",
                    "description": "Submitting_Applicable_Manufacturer_or_Applicable_GPO_Name"
                },
                "applicable_manufacturer_or_applicable_gpo_making_payment_id": {
                    "type": "text",
                    "mysql_type": "text",
                    "description": "Applicable_Manufacturer_or_Applicable_GPO_Making_Payment_ID"
                },
                "applicable_manufacturer_or_applicable_gpo_making_payment_name": {
                    "type": "text",
                    "mysql_type": "text",
                    "description": "Applicable_Manufacturer_or_Applicable_GPO_Making_Payment_Name"
                },
                "applicable_manufacturer_or_applicable_gpo_making_payment_state": {
                    "type": "text",
                    "mysql_type": "text",
                    "description": "Applicable_Manufacturer_or_Applicable_GPO_Making_Payment_State"
                },
                "applicable_manufacturer_or_applicable_gpo_making_payment_country": {
                    "type": "text",
                    "mysql_type": "text",
                    "description": "Applicable_Manufacturer_or_Applicable_GPO_Making_Payment_Country"
                },
                "total_amount_of_payment_usdollars": {
                    "type": "text",
                    "mysql_type": "text",
                    "description": "Total_Amount_of_Payment_USDollars"
                },
                "date_of_payment": {
                    "type": "text",
                    "mysql_type": "text",
                    "description": "Date_of_Payment"
                },
                "number_of_payments_included_in_total_amount": {
                    "type": "text",
                    "mysql_type": "text",
                    "description": "Number_of_Payments_Included_in_Total_Amount"
                },
                "form_of_payment_or_transfer_of_value": {
                    "type": "text",
                    "mysql_type": "text",
                    "description": "Form_of_Payment_or_Transfer_of_Value"
                },
                "nature_of_payment_or_transfer_of_value": {
                    "type": "text",
                    "mysql_type": "text",
                    "description": "Nature_of_Payment_or_Transfer_of_Value"
                },
                "city_of_travel": {
                    "type": "text",
                    "mysql_type": "text",
                    "description": "City_of_Travel"
                },
                "state_of_travel": {
                    "type": "text",
                    "mysql_type": "text",
                    "description": "State_of_Travel"
                },
                "country_of_travel": {
                    "type": "text",
                    "mysql_type": "text",
                    "description": "Country_of_Travel"
                },
                "physician_ownership_indicator": {
                    "type": "text",
                    "mysql_type": "text",
                    "description": "Physician_Ownership_Indicator"
                },
                "third_party_payment_recipient_indicator": {
                    "type": "text",
                    "mysql_type": "text",
                    "description": "Third_Party_Payment_Recipient_Indicator"
                },
                "name_of_third_party_entity_receiving_payment_or_transfer_of_ccfc": {
                    "type": "text",
                    "mysql_type": "text",
                    "description": "Name_of_Third_Party_Entity_Receiving_Payment_or_Transfer_of_Value"
                },
                "charity_indicator": {
                    "type": "text",
                    "mysql_type": "text",
                    "description": "Charity_Indicator"
                },
                "third_party_equals_covered_recipient_indicator": {
                    "type": "text",
                    "mysql_type": "text",
                    "description": "Third_Party_Equals_Covered_Recipient_Indicator"
                },
                "contextual_information": {
                    "type": "text",
                    "mysql_type": "text",
                    "description": "Contextual_Information"
                },
                "delay_in_publication_indicator": {
                    "type": "text",
                    "mysql_type": "text",
                    "description": "Delay_in_Publication_Indicator"
                },
                "record_id": {
                    "type": "text",
                    "mysql_type": "text",
                    "description": "Record_ID"
                },
                "dispute_status_for_publication": {
                    "type": "text",
                    "mysql_type": "text",
                    "description": "Dispute_Status_for_Publication"
                },
                "related_product_indicator": {
                    "type": "text",
                    "mysql_type": "text",
                    "description": "Related_Product_Indicator"
                },
                "covered_or_noncovered_indicator_1": {
                    "type": "text",
                    "mysql_type": "text",
                    "description": "Covered_or_Noncovered_Indicator_1"
                },
                "indicate_drug_or_biological_or_device_or_medical_supply_1": {
                    "type": "text",
                    "mysql_type": "text",
                    "description": "Indicate_Drug_or_Biological_or_Device_or_Medical_Supply_1"
                },
                "product_category_or_therapeutic_area_1": {
                    "type": "text",
                    "mysql_type": "text",
                    "description": "Product_Category_or_Therapeutic_Area_1"
                },
                "name_of_drug_or_biological_or_device_or_medical_supply_1": {
                    "type": "text",
                    "mysql_type": "text",
                    "description": "Name_of_Drug_or_Biological_or_Device_or_Medical_Supply_1"
                },
                "associated_drug_or_biological_ndc_1": {
                    "type": "text",
                    "mysql_type": "text",
                    "description": "Associated_Drug_or_Biological_NDC_1"
                },
                "associated_device_or_medical_supply_pdi_1": {
                    "type": "text",
                    "mysql_type": "text",
                    "description": "Associated_Device_or_Medical_Supply_PDI_1"
                },
                "covered_or_noncovered_indicator_2": {
                    "type": "text",
                    "mysql_type": "text",
                    "description": "Covered_or_Noncovered_Indicator_2"
                },
                "indicate_drug_or_biological_or_device_or_medical_supply_2": {
                    "type": "text",
                    "mysql_type": "text",
                    "description": "Indicate_Drug_or_Biological_or_Device_or_Medical_Supply_2"
                },
                "product_category_or_therapeutic_area_2": {
                    "type": "text",
                    "mysql_type": "text",
                    "description": "Product_Category_or_Therapeutic_Area_2"
                },
                "name_of_drug_or_biological_or_device_or_medical_supply_2": {
                    "type": "text",
                    "mysql_type": "text",
                    "description": "Name_of_Drug_or_Biological_or_Device_or_Medical_Supply_2"
                },
                "associated_drug_or_biological_ndc_2": {
                    "type": "text",
                    "mysql_type": "text",
                    "description": "Associated_Drug_or_Biological_NDC_2"
                },
                "associated_device_or_medical_supply_pdi_2": {
                    "type": "text",
                    "mysql_type": "text",
                    "description": "Associated_Device_or_Medical_Supply_PDI_2"
                },
                "covered_or_noncovered_indicator_3": {
                    "type": "text",
                    "mysql_type": "text",
                    "description": "Covered_or_Noncovered_Indicator_3"
                },
                "indicate_drug_or_biological_or_device_or_medical_supply_3": {
                    "type": "text",
                    "mysql_type": "text",
                    "description": "Indicate_Drug_or_Biological_or_Device_or_Medical_Supply_3"
                },
                "product_category_or_therapeutic_area_3": {
                    "type": "text",
                    "mysql_type": "text",
                    "description": "Product_Category_or_Therapeutic_Area_3"
                },
                "name_of_drug_or_biological_or_device_or_medical_supply_3": {
                    "type": "text",
                    "mysql_type": "text",
                    "description": "Name_of_Drug_or_Biological_or_Device_or_Medical_Supply_3"
                },
                "associated_drug_or_biological_ndc_3": {
                    "type": "text",
                    "mysql_type": "text",
                    "description": "Associated_Drug_or_Biological_NDC_3"
                },
                "associated_device_or_medical_supply_pdi_3": {
                    "type": "text",
                    "mysql_type": "text",
                    "description": "Associated_Device_or_Medical_Supply_PDI_3"
                },
                "covered_or_noncovered_indicator_4": {
                    "type": "text",
                    "mysql_type": "text",
                    "description": "Covered_or_Noncovered_Indicator_4"
                },
                "indicate_drug_or_biological_or_device_or_medical_supply_4": {
                    "type": "text",
                    "mysql_type": "text",
                    "description": "Indicate_Drug_or_Biological_or_Device_or_Medical_Supply_4"
                },
                "product_category_or_therapeutic_area_4": {
                    "type": "text",
                    "mysql_type": "text",
                    "description": "Product_Category_or_Therapeutic_Area_4"
                },
                "name_of_drug_or_biological_or_device_or_medical_supply_4": {
                    "type": "text",
                    "mysql_type": "text",
                    "description": "Name_of_Drug_or_Biological_or_Device_or_Medical_Supply_4"
                },
                "associated_drug_or_biological_ndc_4": {
                    "type": "text",
                    "mysql_type": "text",
                    "description": "Associated_Drug_or_Biological_NDC_4"
                },
                "associated_device_or_medical_supply_pdi_4": {
                    "type": "text",
                    "mysql_type": "text",
                    "description": "Associated_Device_or_Medical_Supply_PDI_4"
                },
                "covered_or_noncovered_indicator_5": {
                    "type": "text",
                    "mysql_type": "text",
                    "description": "Covered_or_Noncovered_Indicator_5"
                },
                "indicate_drug_or_biological_or_device_or_medical_supply_5": {
                    "type": "text",
                    "mysql_type": "text",
                    "description": "Indicate_Drug_or_Biological_or_Device_or_Medical_Supply_5"
                },
                "product_category_or_therapeutic_area_5": {
                    "type": "text",
                    "mysql_type": "text",
                    "description": "Product_Category_or_Therapeutic_Area_5"
                },
                "name_of_drug_or_biological_or_device_or_medical_supply_5": {
                    "type": "text",
                    "mysql_type": "text",
                    "description": "Name_of_Drug_or_Biological_or_Device_or_Medical_Supply_5"
                },
                "associated_drug_or_biological_ndc_5": {
                    "type": "text",
                    "mysql_type": "text",
                    "description": "Associated_Drug_or_Biological_NDC_5"
                },
                "associated_device_or_medical_supply_pdi_5": {
                    "type": "text",
                    "mysql_type": "text",
                    "description": "Associated_Device_or_Medical_Supply_PDI_5"
                },
                "program_year": {
                    "type": "text",
                    "mysql_type": "text",
                    "description": "Program_Year"
                },
                "payment_publication_date": {
                    "type": "text",
                    "mysql_type": "text",
                    "description": "Payment_Publication_Date"
                }
            },
            "indexes": {
                "idx1": [
                    "covered_recipient_profile_id",
                    "nature_of_payment_or_transfer_of_value",
                    "submitting_applicable_manufacturer_or_applicable_gpo_name"
                ],
                "idx2": [
                    "teaching_hospital_ccn",
                    "nature_of_payment_or_transfer_of_value",
                    "submitting_applicable_manufacturer_or_applicable_gpo_name"
                ],
                "idx3": [
                    "applicable_manufacturer_or_applicable_gpo_making_payment_id",
                    "nature_of_payment_or_transfer_of_value",
                    "teaching_hospital_name",
                    "covered_recipient_first_name",
                    "covered_recipient_last_name"
                ],
                "idx5": [
                    "record_id"
                ],
                "idx12": [
                    "covered_recipient_profile_id"
                ],
                "idx14": [
                    "applicable_manufacturer_or_applicable_gpo_making_payment_id"
                ],
                "idx22": [
                    "recipient_state",
                    "covered_recipient_type"
                ]
            }
        }
    },
    "query": {
        "conditions": [
            {
                "resource": "t",
                "property": "recipient_state",
                "value": [
                    "NM",
                    "MA",
                    "NY",
                    "IL",
                    "MI",
                    "TX",
                    "NJ",
                    "PA",
                    "AZ",
                    "WA"
                ],
                "operator": "in"
            },
            {
                "resource": "t",
                "property": "covered_recipient_type",
                "value": "Covered Recipient Physician",
                "operator": "="
            }
        ],
        "format": "json",
        "limit": 1,
        "offset": 0,
        "resources": [
            {
                "id": "66dfcf9a-2a9e-54b7-a0fe-cae3e42f3e8f",
                "alias": "t"
            }
        ],
        "count": true,
        "results": true,
        "schema": true,
        "keys": true,
        "rowIds": false,
        "properties": [
            "change_type",
            "covered_recipient_type",
            "teaching_hospital_ccn",
            "teaching_hospital_id",
            "teaching_hospital_name",
            "covered_recipient_profile_id",
            "covered_recipient_npi",
            "covered_recipient_first_name",
            "covered_recipient_middle_name",
            "covered_recipient_last_name",
            "covered_recipient_name_suffix",
            "recipient_primary_business_street_address_line1",
            "recipient_primary_business_street_address_line2",
            "recipient_city",
            "recipient_state",
            "recipient_zip_code",
            "recipient_country",
            "recipient_province",
            "recipient_postal_code",
            "covered_recipient_primary_type_1",
            "covered_recipient_primary_type_2",
            "covered_recipient_primary_type_3",
            "covered_recipient_primary_type_4",
            "covered_recipient_primary_type_5",
            "covered_recipient_primary_type_6",
            "covered_recipient_specialty_1",
            "covered_recipient_specialty_2",
            "covered_recipient_specialty_3",
            "covered_recipient_specialty_4",
            "covered_recipient_specialty_5",
            "covered_recipient_specialty_6",
            "covered_recipient_license_state_code1",
            "covered_recipient_license_state_code2",
            "covered_recipient_license_state_code3",
            "covered_recipient_license_state_code4",
            "covered_recipient_license_state_code5",
            "submitting_applicable_manufacturer_or_applicable_gpo_name",
            "applicable_manufacturer_or_applicable_gpo_making_payment_id",
            "applicable_manufacturer_or_applicable_gpo_making_payment_name",
            "applicable_manufacturer_or_applicable_gpo_making_payment_state",
            "applicable_manufacturer_or_applicable_gpo_making_payment_country",
            "total_amount_of_payment_usdollars",
            "date_of_payment",
            "number_of_payments_included_in_total_amount",
            "form_of_payment_or_transfer_of_value",
            "nature_of_payment_or_transfer_of_value",
            "city_of_travel",
            "state_of_travel",
            "country_of_travel",
            "physician_ownership_indicator",
            "third_party_payment_recipient_indicator",
            "name_of_third_party_entity_receiving_payment_or_transfer_of_ccfc",
            "charity_indicator",
            "third_party_equals_covered_recipient_indicator",
            "contextual_information",
            "delay_in_publication_indicator",
            "record_id",
            "dispute_status_for_publication",
            "related_product_indicator",
            "covered_or_noncovered_indicator_1",
            "indicate_drug_or_biological_or_device_or_medical_supply_1",
            "product_category_or_therapeutic_area_1",
            "name_of_drug_or_biological_or_device_or_medical_supply_1",
            "associated_drug_or_biological_ndc_1",
            "associated_device_or_medical_supply_pdi_1",
            "covered_or_noncovered_indicator_2",
            "indicate_drug_or_biological_or_device_or_medical_supply_2",
            "product_category_or_therapeutic_area_2",
            "name_of_drug_or_biological_or_device_or_medical_supply_2",
            "associated_drug_or_biological_ndc_2",
            "associated_device_or_medical_supply_pdi_2",
            "covered_or_noncovered_indicator_3",
            "indicate_drug_or_biological_or_device_or_medical_supply_3",
            "product_category_or_therapeutic_area_3",
            "name_of_drug_or_biological_or_device_or_medical_supply_3",
            "associated_drug_or_biological_ndc_3",
            "associated_device_or_medical_supply_pdi_3",
            "covered_or_noncovered_indicator_4",
            "indicate_drug_or_biological_or_device_or_medical_supply_4",
            "product_category_or_therapeutic_area_4",
            "name_of_drug_or_biological_or_device_or_medical_supply_4",
            "associated_drug_or_biological_ndc_4",
            "associated_device_or_medical_supply_pdi_4",
            "covered_or_noncovered_indicator_5",
            "indicate_drug_or_biological_or_device_or_medical_supply_5",
            "product_category_or_therapeutic_area_5",
            "name_of_drug_or_biological_or_device_or_medical_supply_5",
            "associated_drug_or_biological_ndc_5",
            "associated_device_or_medical_supply_pdi_5",
            "program_year",
            "payment_publication_date"
        ]
    }
}